* using log directory ‘/home/ldent/ICR_2021/lifeTimes_package/lifeTimes.Rcheck’
* using R version 4.1.0 (2021-05-18)
* using platform: x86_64-pc-linux-gnu (64-bit)
* using session charset: UTF-8
* using options ‘--no-manual --as-cran’
* checking for file ‘lifeTimes/DESCRIPTION’ ... OK
* checking extension type ... Package
* this is package ‘lifeTimes’ version ‘0.1.0’
* package encoding: UTF-8
* checking package namespace information ... OK
* checking package dependencies ... OK
* checking if this is a source package ... OK
* checking if there is a namespace ... OK
* checking for executable files ... OK
* checking for hidden files and directories ... OK
* checking for portable file names ... OK
* checking for sufficient/correct file permissions ... OK
* checking serialization versions ... OK
* checking whether package ‘lifeTimes’ can be installed ... OK
* checking installed package size ... NOTE
  installed size is 11.8Mb
  sub-directories of 1Mb or more:
    data      2.9Mb
    extdata   8.8Mb
* checking package directory ... OK
* checking for future file timestamps ... OK
* checking ‘build’ directory ... OK
* checking DESCRIPTION meta-information ... OK
* checking top-level files ... OK
* checking for left-over files ... OK
* checking index information ... OK
* checking package subdirectories ... OK
* checking R files for non-ASCII characters ... OK
* checking R files for syntax errors ... OK
* checking whether the package can be loaded ... OK
* checking whether the package can be loaded with stated dependencies ... OK
* checking whether the package can be unloaded cleanly ... OK
* checking whether the namespace can be loaded with stated dependencies ... OK
* checking whether the namespace can be unloaded cleanly ... OK
* checking loading without being on the library search path ... OK
* checking dependencies in R code ... OK
* checking S3 generic/method consistency ... OK
* checking replacement functions ... OK
* checking foreign function calls ... OK
* checking R code for possible problems ... NOTE
clusterCCFs: no visible binding for global variable ‘anCCF_LAG’
clusterCCFs: no visible binding for global variable ‘anCCF_ACF’
clusterCCFs: no visible binding for global variable ‘meanLAGzero’
clusterCCFs: no visible binding for global variable ‘an_CCF_Feature’
clusterCCFs: no visible binding for global variable ‘Treatment’
clusterCCFs: no visible global function definition for ‘hclust’
clusterCCFs: no visible global function definition for ‘dist’
clusterCCFs: no visible binding for '<<-' assignment to
  ‘treatmentDendrogram’
clusterCCFs: no visible global function definition for ‘as.dendrogram’
clusterCCFs: no visible binding for '<<-' assignment to
  ‘draw_treatmentDendrogram’
clusterCCFs: no visible binding for global variable
  ‘treatmentDendrogram’
clusterCCFs: no visible binding for global variable
  ‘draw_treatmentDendrogram’
clusterCCFs: no visible binding for '<<-' assignment to
  ‘df_clusteredZeroLag_withMetada’
clusterCCFs: no visible binding for global variable
  ‘df_clusteredZeroLag_withMetada’
clusterPlot: no visible binding for global variable
  ‘df_clusteredZeroLag_withMetada’
clusterPlot: no visible binding for global variable
  ‘treatmentDendrogram’
clusterPlot: no visible global function definition for ‘dendro_data’
clusterPlot: no visible global function definition for ‘segment’
clusterPlot: no visible binding for global variable ‘x’
clusterPlot: no visible binding for global variable ‘y’
clusterPlot: no visible binding for global variable ‘xend’
clusterPlot: no visible binding for global variable ‘yend’
clusterPlot: no visible binding for global variable ‘an_CCF_Feature’
clusterPlot: no visible binding for global variable ‘Treatment’
clusterPlot: no visible global function definition for ‘rremove’
clusterPlot: no visible binding for global variable ‘anCCF_LAG’
clusterPlot: no visible binding for global variable ‘anCCF_ACF’
clusterPlot: no visible binding for global variable ‘an_CCF_ObjectID’
couplingPlot: no visible binding for global variable
  ‘medianPrePostPerTF’
couplingPlot: no visible binding for global variable ‘meanLAGzero’
couplingPlot: no visible binding for global variable ‘an_CCF_Feature’
defaultData: no visible global function definition for ‘read.csv’
defaultData: no visible binding for '<<-' assignment to
  ‘objectGroupings’
defaultData: no visible binding for global variable ‘objectGroupings’
define_tsMetaData: no visible binding for global variable ‘clustR’
define_tsMetaData: no visible binding for global variable ‘metaData’
leadLagClusterPlot: no visible binding for global variable
  ‘removeByname’
leadLagClusterPlot: no visible binding for global variable
  ‘an_CCF_Feature’
leadLagClusterPlot: no visible binding for global variable
  ‘medianPrePostPerTF’
leadLagClusterPlot: no visible global function definition for ‘ungroup’
leadLagClusterPlot: no visible binding for global variable ‘Treatment’
leadLagClusterPlot: no visible global function definition for ‘na.omit’
leadLagCorr_diffs: no visible binding for global variable
  ‘an_CCF_ObjectID’
leadLagCorr_diffs: no visible binding for global variable
  ‘an_CCF_Feature’
leadLagCorr_diffs: no visible binding for global variable ‘Treatment’
leadLagCorr_diffs: no visible binding for global variable ‘anCCF_LAG’
leadLagCorr_diffs: no visible binding for global variable ‘lagRange’
leadLagCorr_diffs: no visible binding for global variable ‘anCCF_ACF’
leadLagCorr_diffs: no visible global function definition for ‘median’
leadLagCorr_diffs: no visible binding for global variable
  ‘meanPrior_meanPost_diff’
leadLagCorr_diffs: no visible binding for '<<-' assignment to
  ‘join_medianDiff_meanLagRange_outputCCFdata_withMetaData’
leadLagCorr_diffs: no visible binding for global variable
  ‘join_medianDiff_meanLagRange_outputCCFdata_withMetaData’
lifeTimesChain: no visible global function definition for ‘head’
lifeTimesChain: no visible binding for '<<-' assignment to ‘clustR’
lifeTimesChain: no visible binding for '<<-' assignment to
  ‘featureSet1’
lifeTimesChain: no visible binding for '<<-' assignment to
  ‘featureSet2’
lifeTimesChain: no visible binding for '<<-' assignment to ‘timePoints’
lifeTimesChain: no visible binding for '<<-' assignment to ‘maxTime’
lifeTimesChain: no visible binding for '<<-' assignment to ‘metaData’
lifeTimesChain: no visible binding for '<<-' assignment to
  ‘CellID_metaData_output’
metaData_ccf_join: no visible binding for global variable
  ‘df_setOfCCF_forEachFeatureAndCellID’
metaData_ccf_join: no visible binding for global variable
  ‘CellID_metaData_output’
metaData_ccf_join: no visible binding for '<<-' assignment to
  ‘outputCCFdata_withMetaData’
metaData_ccf_join: no visible binding for global variable
  ‘outputCCFdata_withMetaData’
tsMetaData: no visible binding for global variable ‘clustR’
tsMetaData: no visible binding for global variable ‘metaData’
tsMetaData: no visible binding for global variable
  ‘CellID_metaData_output’
tsToWide: no visible binding for global variable ‘clustR’
tsToWide: no visible binding for global variable ‘featureSet1’
tsToWide: no visible binding for global variable ‘featureSet2’
tsToWide: no visible binding for global variable ‘timePoints’
tsToWide: no visible binding for global variable ‘maxTime’
tsToWide: no visible global function definition for ‘contains’
tsToWide: no visible binding for global variable ‘cellNumber’
tsToWide: no visible binding for global variable ‘geomFeatures’
tsToWide: no visible binding for global variable ‘value’
wide_ts_to_ccf: no visible binding for global variable ‘na.pass’
wide_ts_to_ccf: no visible global function definition for ‘str’
Undefined global functions or variables:
  CellID_metaData_output Treatment anCCF_ACF anCCF_LAG an_CCF_Feature
  an_CCF_ObjectID as.dendrogram cellNumber clustR contains dendro_data
  df_clusteredZeroLag_withMetada df_setOfCCF_forEachFeatureAndCellID
  dist draw_treatmentDendrogram featureSet1 featureSet2 geomFeatures
  hclust head join_medianDiff_meanLagRange_outputCCFdata_withMetaData
  lagRange maxTime meanLAGzero meanPrior_meanPost_diff median
  medianPrePostPerTF metaData na.omit na.pass objectGroupings
  outputCCFdata_withMetaData read.csv removeByname rremove segment str
  timePoints treatmentDendrogram ungroup value x xend y yend
Consider adding
  importFrom("stats", "as.dendrogram", "dist", "hclust", "median",
             "na.omit", "na.pass")
  importFrom("utils", "head", "read.csv", "str")
to your NAMESPACE file.
* checking Rd files ... OK
* checking Rd metadata ... OK
* checking Rd line widths ... OK
* checking Rd cross-references ... OK
* checking for missing documentation entries ... OK
* checking for code/documentation mismatches ... OK
* checking Rd \usage sections ... WARNING
Undocumented arguments in documentation object 'wide_ts_to_ccf'
  ‘wideIDfeatures’

Functions with \usage entries need to have the appropriate \alias
entries, and all their arguments documented.
The \usage entries must correspond to syntactically valid R code.
See chapter ‘Writing R documentation files’ in the ‘Writing R
Extensions’ manual.
* checking Rd contents ... OK
* checking for unstated dependencies in examples ... OK
* checking contents of ‘data’ directory ... OK
* checking data for non-ASCII characters ... OK
* checking LazyData ... OK
* checking data for ASCII and uncompressed saves ... OK
* checking installed files from ‘inst/doc’ ... OK
* checking files in ‘vignettes’ ... OK
* checking examples ... OK
* checking for unstated dependencies in vignettes ... OK
* checking package vignettes in ‘inst/doc’ ... OK
* checking re-building of vignette outputs ... OK
* checking for non-standard things in the check directory ... OK
* checking for detritus in the temp directory ... OK
* DONE
Status: 1 WARNING, 2 NOTEs
