* installing *source* package ‘lifeTimes’ ...
** using staged installation
** R
** data
*** moving datasets to lazyload DB
** inst
** byte-compile and prepare package for lazy loading
[1] "Started adding......1Ash at Mardocksummer"
[1] "Finished adding......1Ash at Mardocksummer"
[1] "Started adding......1Ash at Mardockautumn"
[1] "Finished adding......1Ash at Mardockautumn"
[1] "Started adding......1Ash at Mardockwinter"
[1] "Finished adding......1Ash at Mardockwinter"
[1] "Started adding......1Ash at Mardockspring"
[1] "Finished adding......1Ash at Mardockspring"
[1] "Started adding......2Ash at Mardocksummer"
[1] "Finished adding......2Ash at Mardocksummer"
[1] "Started adding......2Ash at Mardockautumn"
[1] "Finished adding......2Ash at Mardockautumn"
[1] "Started adding......2Ash at Mardockwinter"
[1] "Finished adding......2Ash at Mardockwinter"
[1] "Started adding......2Ash at Mardockspring"
[1] "Finished adding......2Ash at Mardockspring"
[1] "Started adding......3Ash at Mardocksummer"
[1] "Finished adding......3Ash at Mardocksummer"
[1] "Started adding......3Ash at Mardockautumn"
[1] "Finished adding......3Ash at Mardockautumn"
[1] "Started adding......3Ash at Mardockwinter"
[1] "Finished adding......3Ash at Mardockwinter"
[1] "Started adding......3Ash at Mardockspring"
[1] "Finished adding......3Ash at Mardockspring"
[1] "Started adding......4Ash at Mardocksummer"
[1] "Finished adding......4Ash at Mardocksummer"
[1] "Started adding......4Ash at Mardockautumn"
[1] "Finished adding......4Ash at Mardockautumn"
[1] "Started adding......4Ash at Mardockwinter"
[1] "Finished adding......4Ash at Mardockwinter"
[1] "Started adding......4Ash at Mardockspring"
[1] "Finished adding......4Ash at Mardockspring"
[1] "Started adding......5Ash at Mardocksummer"
[1] "Finished adding......5Ash at Mardocksummer"
[1] "Started adding......5Ash at Mardockautumn"
[1] "Finished adding......5Ash at Mardockautumn"
[1] "Started adding......5Ash at Mardockwinter"
[1] "Finished adding......5Ash at Mardockwinter"
[1] "Started adding......5Ash at Mardockspring"
[1] "Finished adding......5Ash at Mardockspring"
[1] "Started adding......6Ash at Mardocksummer"
[1] "Finished adding......6Ash at Mardocksummer"
[1] "Started adding......6Ash at Mardockautumn"
[1] "Finished adding......6Ash at Mardockautumn"
[1] "Started adding......6Ash at Mardockwinter"
[1] "Finished adding......6Ash at Mardockwinter"
[1] "Started adding......6Ash at Mardockspring"
[1] "Finished adding......6Ash at Mardockspring"
[1] "Started adding......7Ash at Mardocksummer"
[1] "Finished adding......7Ash at Mardocksummer"
[1] "Started adding......7Ash at Mardockautumn"
[1] "Finished adding......7Ash at Mardockautumn"
[1] "Started adding......7Ash at Mardockwinter"
[1] "Finished adding......7Ash at Mardockwinter"
[1] "Started adding......7Ash at Mardockspring"
[1] "Finished adding......7Ash at Mardockspring"
[1] "Started adding......8Ash at Mardocksummer"
[1] "Finished adding......8Ash at Mardocksummer"
[1] "Started adding......8Ash at Mardockautumn"
[1] "Finished adding......8Ash at Mardockautumn"
[1] "Started adding......8Ash at Mardockwinter"
[1] "Finished adding......8Ash at Mardockwinter"
[1] "Started adding......8Ash at Mardockspring"
[1] "Finished adding......8Ash at Mardockspring"
[1] "Started adding......9Ash at Mardocksummer"
[1] "Finished adding......9Ash at Mardocksummer"
[1] "Started adding......9Ash at Mardockautumn"
[1] "Finished adding......9Ash at Mardockautumn"
[1] "Started adding......9Ash at Mardockwinter"
[1] "Finished adding......9Ash at Mardockwinter"
[1] "Started adding......9Ash at Mardockspring"
[1] "Finished adding......9Ash at Mardockspring"
[1] "Started adding......10Ash at Mardocksummer"
[1] "Finished adding......10Ash at Mardocksummer"
[1] "Started adding......10Ash at Mardockautumn"
[1] "Finished adding......10Ash at Mardockautumn"
[1] "Started adding......10Ash at Mardockwinter"
[1] "Finished adding......10Ash at Mardockwinter"
[1] "Started adding......10Ash at Mardockspring"
[1] "Finished adding......10Ash at Mardockspring"
[1] "Started adding......11Ash at Mardocksummer"
[1] "Finished adding......11Ash at Mardocksummer"
[1] "Started adding......11Ash at Mardockautumn"
[1] "Finished adding......11Ash at Mardockautumn"
[1] "Started adding......11Ash at Mardockwinter"
[1] "Finished adding......11Ash at Mardockwinter"
[1] "Started adding......11Ash at Mardockspring"
[1] "Finished adding......11Ash at Mardockspring"
[1] "Started adding......12Ash at Mardocksummer"
[1] "Finished adding......12Ash at Mardocksummer"
[1] "Started adding......12Ash at Mardockautumn"
[1] "Finished adding......12Ash at Mardockautumn"
[1] "Started adding......12Ash at Mardockwinter"
[1] "Finished adding......12Ash at Mardockwinter"
[1] "Started adding......12Ash at Mardockspring"
[1] "Finished adding......12Ash at Mardockspring"
[1] "Started adding......13Ash at Mardocksummer"
[1] "Finished adding......13Ash at Mardocksummer"
[1] "Started adding......13Ash at Mardockautumn"
[1] "Finished adding......13Ash at Mardockautumn"
[1] "Started adding......13Ash at Mardockwinter"
[1] "Finished adding......13Ash at Mardockwinter"
[1] "Started adding......13Ash at Mardockspring"
[1] "Finished adding......13Ash at Mardockspring"
[1] "Started adding......14Ash at Mardocksummer"
[1] "Finished adding......14Ash at Mardocksummer"
[1] "Started adding......14Ash at Mardockautumn"
[1] "Finished adding......14Ash at Mardockautumn"
[1] "Started adding......14Ash at Mardockwinter"
[1] "Finished adding......14Ash at Mardockwinter"
[1] "Started adding......14Ash at Mardockspring"
[1] "Finished adding......14Ash at Mardockspring"
[1] "Started adding......15Ash at Mardocksummer"
[1] "Finished adding......15Ash at Mardocksummer"
[1] "Started adding......15Ash at Mardockautumn"
[1] "Finished adding......15Ash at Mardockautumn"
[1] "Started adding......15Ash at Mardockwinter"
[1] "Finished adding......15Ash at Mardockwinter"
[1] "Started adding......15Ash at Mardockspring"
[1] "Finished adding......15Ash at Mardockspring"
[1] "Started adding......16Ash at Mardocksummer"
[1] "Finished adding......16Ash at Mardocksummer"
[1] "Started adding......16Ash at Mardockautumn"
[1] "Finished adding......16Ash at Mardockautumn"
[1] "Started adding......16Ash at Mardockwinter"
[1] "Finished adding......16Ash at Mardockwinter"
[1] "Started adding......16Ash at Mardockspring"
[1] "Finished adding......16Ash at Mardockspring"
[1] "Started adding......17Ash at Mardocksummer"
[1] "Finished adding......17Ash at Mardocksummer"
[1] "Started adding......17Ash at Mardockautumn"
[1] "Finished adding......17Ash at Mardockautumn"
[1] "Started adding......17Ash at Mardockwinter"
[1] "Finished adding......17Ash at Mardockwinter"
[1] "Started adding......17Ash at Mardockspring"
[1] "Finished adding......17Ash at Mardockspring"
[1] "Started adding......18Ash at Mardocksummer"
[1] "Finished adding......18Ash at Mardocksummer"
[1] "Started adding......18Ash at Mardockautumn"
[1] "Finished adding......18Ash at Mardockautumn"
[1] "Started adding......18Ash at Mardockwinter"
[1] "Finished adding......18Ash at Mardockwinter"
[1] "Started adding......18Ash at Mardockspring"
[1] "Finished adding......18Ash at Mardockspring"
[1] "Started adding......19Ash at Mardocksummer"
[1] "Finished adding......19Ash at Mardocksummer"
[1] "Started adding......19Ash at Mardockautumn"
[1] "Finished adding......19Ash at Mardockautumn"
[1] "Started adding......19Ash at Mardockwinter"
[1] "Finished adding......19Ash at Mardockwinter"
[1] "Started adding......19Ash at Mardockspring"
[1] "Finished adding......19Ash at Mardockspring"
[1] "Started adding......20Ash at Mardocksummer"
[1] "Finished adding......20Ash at Mardocksummer"
[1] "Started adding......20Ash at Mardockautumn"
[1] "Finished adding......20Ash at Mardockautumn"
[1] "Started adding......20Ash at Mardockwinter"
[1] "Finished adding......20Ash at Mardockwinter"
[1] "Started adding......20Ash at Mardockspring"
[1] "Finished adding......20Ash at Mardockspring"
[1] "Started adding......21Ash at Mardocksummer"
[1] "Finished adding......21Ash at Mardocksummer"
[1] "Started adding......21Ash at Mardockautumn"
[1] "Finished adding......21Ash at Mardockautumn"
[1] "Started adding......21Ash at Mardockwinter"
[1] "Finished adding......21Ash at Mardockwinter"
[1] "Started adding......21Ash at Mardockspring"
[1] "Finished adding......21Ash at Mardockspring"
[1] "Started adding......22Ash at Mardocksummer"
[1] "Finished adding......22Ash at Mardocksummer"
[1] "Started adding......22Ash at Mardockautumn"
[1] "Finished adding......22Ash at Mardockautumn"
[1] "Started adding......22Ash at Mardockwinter"
[1] "Finished adding......22Ash at Mardockwinter"
[1] "Started adding......22Ash at Mardockspring"
[1] "Finished adding......22Ash at Mardockspring"
[1] "Started adding......23Ash at Mardocksummer"
[1] "Finished adding......23Ash at Mardocksummer"
[1] "Started adding......23Ash at Mardockautumn"
[1] "Finished adding......23Ash at Mardockautumn"
[1] "Started adding......23Ash at Mardockwinter"
[1] "Finished adding......23Ash at Mardockwinter"
[1] "Started adding......23Ash at Mardockspring"
[1] "Finished adding......23Ash at Mardockspring"
[1] "Started adding......24Ash at Mardocksummer"
[1] "Finished adding......24Ash at Mardocksummer"
[1] "Started adding......24Ash at Mardockautumn"
[1] "Finished adding......24Ash at Mardockautumn"
[1] "Started adding......24Ash at Mardockwinter"
[1] "Finished adding......24Ash at Mardockwinter"
[1] "Started adding......24Ash at Mardockspring"
[1] "Finished adding......24Ash at Mardockspring"
[1] "Started adding......25Ash at Mardocksummer"
[1] "Finished adding......25Ash at Mardocksummer"
[1] "Started adding......25Ash at Mardockautumn"
[1] "Finished adding......25Ash at Mardockautumn"
[1] "Started adding......25Ash at Mardockwinter"
[1] "Finished adding......25Ash at Mardockwinter"
[1] "Started adding......25Ash at Mardockspring"
[1] "Finished adding......25Ash at Mardockspring"
[1] "Started adding......26Ash at Mardocksummer"
[1] "Finished adding......26Ash at Mardocksummer"
[1] "Started adding......26Ash at Mardockautumn"
[1] "Finished adding......26Ash at Mardockautumn"
[1] "Started adding......26Ash at Mardockwinter"
[1] "Finished adding......26Ash at Mardockwinter"
[1] "Started adding......26Ash at Mardockspring"
[1] "Finished adding......26Ash at Mardockspring"
[1] "Started adding......27Ash at Mardocksummer"
[1] "Finished adding......27Ash at Mardocksummer"
[1] "Started adding......27Ash at Mardockautumn"
[1] "Finished adding......27Ash at Mardockautumn"
[1] "Started adding......27Ash at Mardockwinter"
[1] "Finished adding......27Ash at Mardockwinter"
[1] "Started adding......27Ash at Mardockspring"
[1] "Finished adding......27Ash at Mardockspring"
[1] "Started adding......28Ash at Mardocksummer"
[1] "Finished adding......28Ash at Mardocksummer"
[1] "Started adding......28Ash at Mardockautumn"
[1] "Finished adding......28Ash at Mardockautumn"
[1] "Started adding......28Ash at Mardockwinter"
[1] "Finished adding......28Ash at Mardockwinter"
[1] "Started adding......28Ash at Mardockspring"
[1] "Finished adding......28Ash at Mardockspring"
[1] "Started adding......29Ash at Mardocksummer"
[1] "Finished adding......29Ash at Mardocksummer"
[1] "Started adding......29Ash at Mardockautumn"
[1] "Finished adding......29Ash at Mardockautumn"
[1] "Started adding......29Ash at Mardockwinter"
[1] "Finished adding......29Ash at Mardockwinter"
[1] "Started adding......29Ash at Mardockspring"
[1] "Finished adding......29Ash at Mardockspring"
[1] "Started adding......30Ash at Mardocksummer"
[1] "Finished adding......30Ash at Mardocksummer"
[1] "Started adding......30Ash at Mardockautumn"
[1] "Finished adding......30Ash at Mardockautumn"
[1] "Started adding......30Ash at Mardockwinter"
[1] "Finished adding......30Ash at Mardockwinter"
[1] "Started adding......30Ash at Mardockspring"
[1] "Finished adding......30Ash at Mardockspring"
[1] "Started adding......31Ash at Mardocksummer"
[1] "Finished adding......31Ash at Mardocksummer"
[1] "Started adding......31Ash at Mardockautumn"
[1] "Finished adding......31Ash at Mardockautumn"
[1] "Started adding......31Ash at Mardockwinter"
[1] "Finished adding......31Ash at Mardockwinter"
[1] "Started adding......31Ash at Mardockspring"
[1] "Finished adding......31Ash at Mardockspring"
[1] "Started adding......32Ash at Mardocksummer"
[1] "Finished adding......32Ash at Mardocksummer"
[1] "Started adding......32Ash at Mardockautumn"
[1] "Finished adding......32Ash at Mardockautumn"
[1] "Started adding......32Ash at Mardockwinter"
[1] "Finished adding......32Ash at Mardockwinter"
[1] "Started adding......32Ash at Mardockspring"
[1] "Finished adding......32Ash at Mardockspring"
[1] "Started adding......33Ash at Mardocksummer"
[1] "Finished adding......33Ash at Mardocksummer"
[1] "Started adding......33Ash at Mardockautumn"
[1] "Finished adding......33Ash at Mardockautumn"
[1] "Started adding......33Ash at Mardockwinter"
[1] "Finished adding......33Ash at Mardockwinter"
[1] "Started adding......33Ash at Mardockspring"
[1] "Finished adding......33Ash at Mardockspring"
[1] "Started adding......34Ash at Mardocksummer"
[1] "Finished adding......34Ash at Mardocksummer"
[1] "Started adding......34Ash at Mardockautumn"
[1] "Finished adding......34Ash at Mardockautumn"
[1] "Started adding......34Ash at Mardockwinter"
[1] "Finished adding......34Ash at Mardockwinter"
[1] "Started adding......34Ash at Mardockspring"
[1] "Finished adding......34Ash at Mardockspring"
[1] "Started adding......1Thames at Kingstonsummer"
[1] "Finished adding......1Thames at Kingstonsummer"
[1] "Started adding......1Thames at Kingstonautumn"
[1] "Finished adding......1Thames at Kingstonautumn"
[1] "Started adding......1Thames at Kingstonwinter"
[1] "Finished adding......1Thames at Kingstonwinter"
[1] "Started adding......1Thames at Kingstonspring"
[1] "Finished adding......1Thames at Kingstonspring"
[1] "Started adding......2Thames at Kingstonsummer"
[1] "Finished adding......2Thames at Kingstonsummer"
[1] "Started adding......2Thames at Kingstonautumn"
[1] "Finished adding......2Thames at Kingstonautumn"
[1] "Started adding......2Thames at Kingstonwinter"
[1] "Finished adding......2Thames at Kingstonwinter"
[1] "Started adding......2Thames at Kingstonspring"
[1] "Finished adding......2Thames at Kingstonspring"
[1] "Started adding......3Thames at Kingstonsummer"
[1] "Finished adding......3Thames at Kingstonsummer"
[1] "Started adding......3Thames at Kingstonautumn"
[1] "Finished adding......3Thames at Kingstonautumn"
[1] "Started adding......3Thames at Kingstonwinter"
[1] "Finished adding......3Thames at Kingstonwinter"
[1] "Started adding......3Thames at Kingstonspring"
[1] "Finished adding......3Thames at Kingstonspring"
[1] "Started adding......4Thames at Kingstonsummer"
[1] "Finished adding......4Thames at Kingstonsummer"
[1] "Started adding......4Thames at Kingstonautumn"
[1] "Finished adding......4Thames at Kingstonautumn"
[1] "Started adding......4Thames at Kingstonwinter"
[1] "Finished adding......4Thames at Kingstonwinter"
[1] "Started adding......4Thames at Kingstonspring"
[1] "Finished adding......4Thames at Kingstonspring"
[1] "Started adding......5Thames at Kingstonsummer"
[1] "Finished adding......5Thames at Kingstonsummer"
[1] "Started adding......5Thames at Kingstonautumn"
[1] "Finished adding......5Thames at Kingstonautumn"
[1] "Started adding......5Thames at Kingstonwinter"
[1] "Finished adding......5Thames at Kingstonwinter"
[1] "Started adding......5Thames at Kingstonspring"
[1] "Finished adding......5Thames at Kingstonspring"
[1] "Started adding......6Thames at Kingstonsummer"
[1] "Finished adding......6Thames at Kingstonsummer"
[1] "Started adding......6Thames at Kingstonautumn"
[1] "Finished adding......6Thames at Kingstonautumn"
[1] "Started adding......6Thames at Kingstonwinter"
[1] "Finished adding......6Thames at Kingstonwinter"
[1] "Started adding......6Thames at Kingstonspring"
[1] "Finished adding......6Thames at Kingstonspring"
[1] "Started adding......7Thames at Kingstonsummer"
[1] "Finished adding......7Thames at Kingstonsummer"
[1] "Started adding......7Thames at Kingstonautumn"
[1] "Finished adding......7Thames at Kingstonautumn"
[1] "Started adding......7Thames at Kingstonwinter"
[1] "Finished adding......7Thames at Kingstonwinter"
[1] "Started adding......7Thames at Kingstonspring"
[1] "Finished adding......7Thames at Kingstonspring"
[1] "Started adding......8Thames at Kingstonsummer"
[1] "Finished adding......8Thames at Kingstonsummer"
[1] "Started adding......8Thames at Kingstonautumn"
[1] "Finished adding......8Thames at Kingstonautumn"
[1] "Started adding......8Thames at Kingstonwinter"
[1] "Finished adding......8Thames at Kingstonwinter"
[1] "Started adding......8Thames at Kingstonspring"
[1] "Finished adding......8Thames at Kingstonspring"
[1] "Started adding......9Thames at Kingstonsummer"
[1] "Finished adding......9Thames at Kingstonsummer"
[1] "Started adding......9Thames at Kingstonautumn"
[1] "Finished adding......9Thames at Kingstonautumn"
[1] "Started adding......9Thames at Kingstonwinter"
[1] "Finished adding......9Thames at Kingstonwinter"
[1] "Started adding......9Thames at Kingstonspring"
[1] "Finished adding......9Thames at Kingstonspring"
[1] "Started adding......10Thames at Kingstonsummer"
[1] "Finished adding......10Thames at Kingstonsummer"
[1] "Started adding......10Thames at Kingstonautumn"
[1] "Finished adding......10Thames at Kingstonautumn"
[1] "Started adding......10Thames at Kingstonwinter"
[1] "Finished adding......10Thames at Kingstonwinter"
[1] "Started adding......10Thames at Kingstonspring"
[1] "Finished adding......10Thames at Kingstonspring"
[1] "Started adding......11Thames at Kingstonsummer"
[1] "Finished adding......11Thames at Kingstonsummer"
[1] "Started adding......11Thames at Kingstonautumn"
[1] "Finished adding......11Thames at Kingstonautumn"
[1] "Started adding......11Thames at Kingstonwinter"
[1] "Finished adding......11Thames at Kingstonwinter"
[1] "Started adding......11Thames at Kingstonspring"
[1] "Finished adding......11Thames at Kingstonspring"
[1] "Started adding......12Thames at Kingstonsummer"
[1] "Finished adding......12Thames at Kingstonsummer"
[1] "Started adding......12Thames at Kingstonautumn"
[1] "Finished adding......12Thames at Kingstonautumn"
[1] "Started adding......12Thames at Kingstonwinter"
[1] "Finished adding......12Thames at Kingstonwinter"
[1] "Started adding......12Thames at Kingstonspring"
[1] "Finished adding......12Thames at Kingstonspring"
[1] "Started adding......13Thames at Kingstonsummer"
[1] "Finished adding......13Thames at Kingstonsummer"
[1] "Started adding......13Thames at Kingstonautumn"
[1] "Finished adding......13Thames at Kingstonautumn"
[1] "Started adding......13Thames at Kingstonwinter"
[1] "Finished adding......13Thames at Kingstonwinter"
[1] "Started adding......13Thames at Kingstonspring"
[1] "Finished adding......13Thames at Kingstonspring"
[1] "Started adding......14Thames at Kingstonsummer"
[1] "Finished adding......14Thames at Kingstonsummer"
[1] "Started adding......14Thames at Kingstonautumn"
[1] "Finished adding......14Thames at Kingstonautumn"
[1] "Started adding......14Thames at Kingstonwinter"
[1] "Finished adding......14Thames at Kingstonwinter"
[1] "Started adding......14Thames at Kingstonspring"
[1] "Finished adding......14Thames at Kingstonspring"
[1] "Started adding......15Thames at Kingstonsummer"
[1] "Finished adding......15Thames at Kingstonsummer"
[1] "Started adding......15Thames at Kingstonautumn"
[1] "Finished adding......15Thames at Kingstonautumn"
[1] "Started adding......15Thames at Kingstonwinter"
[1] "Finished adding......15Thames at Kingstonwinter"
[1] "Started adding......15Thames at Kingstonspring"
[1] "Finished adding......15Thames at Kingstonspring"
[1] "Started adding......16Thames at Kingstonsummer"
[1] "Finished adding......16Thames at Kingstonsummer"
[1] "Started adding......16Thames at Kingstonautumn"
[1] "Finished adding......16Thames at Kingstonautumn"
[1] "Started adding......16Thames at Kingstonwinter"
[1] "Finished adding......16Thames at Kingstonwinter"
[1] "Started adding......16Thames at Kingstonspring"
[1] "Finished adding......16Thames at Kingstonspring"
[1] "Started adding......17Thames at Kingstonsummer"
[1] "Finished adding......17Thames at Kingstonsummer"
[1] "Started adding......17Thames at Kingstonautumn"
[1] "Finished adding......17Thames at Kingstonautumn"
[1] "Started adding......17Thames at Kingstonwinter"
[1] "Finished adding......17Thames at Kingstonwinter"
[1] "Started adding......17Thames at Kingstonspring"
[1] "Finished adding......17Thames at Kingstonspring"
[1] "Started adding......18Thames at Kingstonsummer"
[1] "Finished adding......18Thames at Kingstonsummer"
[1] "Started adding......18Thames at Kingstonautumn"
[1] "Finished adding......18Thames at Kingstonautumn"
[1] "Started adding......18Thames at Kingstonwinter"
[1] "Finished adding......18Thames at Kingstonwinter"
[1] "Started adding......18Thames at Kingstonspring"
[1] "Finished adding......18Thames at Kingstonspring"
[1] "Started adding......19Thames at Kingstonsummer"
[1] "Finished adding......19Thames at Kingstonsummer"
[1] "Started adding......19Thames at Kingstonautumn"
[1] "Finished adding......19Thames at Kingstonautumn"
[1] "Started adding......19Thames at Kingstonwinter"
[1] "Finished adding......19Thames at Kingstonwinter"
[1] "Started adding......19Thames at Kingstonspring"
[1] "Finished adding......19Thames at Kingstonspring"
[1] "Started adding......20Thames at Kingstonsummer"
[1] "Finished adding......20Thames at Kingstonsummer"
[1] "Started adding......20Thames at Kingstonautumn"
[1] "Finished adding......20Thames at Kingstonautumn"
[1] "Started adding......20Thames at Kingstonwinter"
[1] "Finished adding......20Thames at Kingstonwinter"
[1] "Started adding......20Thames at Kingstonspring"
[1] "Finished adding......20Thames at Kingstonspring"
[1] "Started adding......21Thames at Kingstonsummer"
[1] "Finished adding......21Thames at Kingstonsummer"
[1] "Started adding......21Thames at Kingstonautumn"
[1] "Finished adding......21Thames at Kingstonautumn"
[1] "Started adding......21Thames at Kingstonwinter"
[1] "Finished adding......21Thames at Kingstonwinter"
[1] "Started adding......21Thames at Kingstonspring"
[1] "Finished adding......21Thames at Kingstonspring"
[1] "Started adding......22Thames at Kingstonsummer"
[1] "Finished adding......22Thames at Kingstonsummer"
[1] "Started adding......22Thames at Kingstonautumn"
[1] "Finished adding......22Thames at Kingstonautumn"
[1] "Started adding......22Thames at Kingstonwinter"
[1] "Finished adding......22Thames at Kingstonwinter"
[1] "Started adding......22Thames at Kingstonspring"
[1] "Finished adding......22Thames at Kingstonspring"
[1] "Started adding......23Thames at Kingstonsummer"
[1] "Finished adding......23Thames at Kingstonsummer"
[1] "Started adding......23Thames at Kingstonautumn"
[1] "Finished adding......23Thames at Kingstonautumn"
[1] "Started adding......23Thames at Kingstonwinter"
[1] "Finished adding......23Thames at Kingstonwinter"
[1] "Started adding......23Thames at Kingstonspring"
[1] "Finished adding......23Thames at Kingstonspring"
[1] "Started adding......24Thames at Kingstonsummer"
[1] "Finished adding......24Thames at Kingstonsummer"
[1] "Started adding......24Thames at Kingstonautumn"
[1] "Finished adding......24Thames at Kingstonautumn"
[1] "Started adding......24Thames at Kingstonwinter"
[1] "Finished adding......24Thames at Kingstonwinter"
[1] "Started adding......24Thames at Kingstonspring"
[1] "Finished adding......24Thames at Kingstonspring"
[1] "Started adding......25Thames at Kingstonsummer"
[1] "Finished adding......25Thames at Kingstonsummer"
[1] "Started adding......25Thames at Kingstonautumn"
[1] "Finished adding......25Thames at Kingstonautumn"
[1] "Started adding......25Thames at Kingstonwinter"
[1] "Finished adding......25Thames at Kingstonwinter"
[1] "Started adding......25Thames at Kingstonspring"
[1] "Finished adding......25Thames at Kingstonspring"
[1] "Started adding......26Thames at Kingstonsummer"
[1] "Finished adding......26Thames at Kingstonsummer"
[1] "Started adding......26Thames at Kingstonautumn"
[1] "Finished adding......26Thames at Kingstonautumn"
[1] "Started adding......26Thames at Kingstonwinter"
[1] "Finished adding......26Thames at Kingstonwinter"
[1] "Started adding......26Thames at Kingstonspring"
[1] "Finished adding......26Thames at Kingstonspring"
[1] "Started adding......27Thames at Kingstonsummer"
[1] "Finished adding......27Thames at Kingstonsummer"
[1] "Started adding......27Thames at Kingstonautumn"
[1] "Finished adding......27Thames at Kingstonautumn"
[1] "Started adding......27Thames at Kingstonwinter"
[1] "Finished adding......27Thames at Kingstonwinter"
[1] "Started adding......27Thames at Kingstonspring"
[1] "Finished adding......27Thames at Kingstonspring"
[1] "Started adding......28Thames at Kingstonsummer"
[1] "Finished adding......28Thames at Kingstonsummer"
[1] "Started adding......28Thames at Kingstonautumn"
[1] "Finished adding......28Thames at Kingstonautumn"
[1] "Started adding......28Thames at Kingstonwinter"
[1] "Finished adding......28Thames at Kingstonwinter"
[1] "Started adding......28Thames at Kingstonspring"
[1] "Finished adding......28Thames at Kingstonspring"
[1] "Started adding......29Thames at Kingstonsummer"
[1] "Finished adding......29Thames at Kingstonsummer"
[1] "Started adding......29Thames at Kingstonautumn"
[1] "Finished adding......29Thames at Kingstonautumn"
[1] "Started adding......29Thames at Kingstonwinter"
[1] "Finished adding......29Thames at Kingstonwinter"
[1] "Started adding......29Thames at Kingstonspring"
[1] "Finished adding......29Thames at Kingstonspring"
[1] "Started adding......30Thames at Kingstonsummer"
[1] "Finished adding......30Thames at Kingstonsummer"
[1] "Started adding......30Thames at Kingstonautumn"
[1] "Finished adding......30Thames at Kingstonautumn"
[1] "Started adding......30Thames at Kingstonwinter"
[1] "Finished adding......30Thames at Kingstonwinter"
[1] "Started adding......30Thames at Kingstonspring"
[1] "Finished adding......30Thames at Kingstonspring"
[1] "Started adding......31Thames at Kingstonsummer"
[1] "Finished adding......31Thames at Kingstonsummer"
[1] "Started adding......31Thames at Kingstonautumn"
[1] "Finished adding......31Thames at Kingstonautumn"
[1] "Started adding......31Thames at Kingstonwinter"
[1] "Finished adding......31Thames at Kingstonwinter"
[1] "Started adding......31Thames at Kingstonspring"
[1] "Finished adding......31Thames at Kingstonspring"
[1] "Started adding......32Thames at Kingstonsummer"
[1] "Finished adding......32Thames at Kingstonsummer"
[1] "Started adding......32Thames at Kingstonautumn"
[1] "Finished adding......32Thames at Kingstonautumn"
[1] "Started adding......32Thames at Kingstonwinter"
[1] "Finished adding......32Thames at Kingstonwinter"
[1] "Started adding......32Thames at Kingstonspring"
[1] "Finished adding......32Thames at Kingstonspring"
[1] "Started adding......33Thames at Kingstonsummer"
[1] "Finished adding......33Thames at Kingstonsummer"
[1] "Started adding......33Thames at Kingstonautumn"
[1] "Finished adding......33Thames at Kingstonautumn"
[1] "Started adding......33Thames at Kingstonwinter"
[1] "Finished adding......33Thames at Kingstonwinter"
[1] "Started adding......33Thames at Kingstonspring"
[1] "Finished adding......33Thames at Kingstonspring"
[1] "Started adding......34Thames at Kingstonsummer"
[1] "Finished adding......34Thames at Kingstonsummer"
[1] "Started adding......34Thames at Kingstonautumn"
[1] "Finished adding......34Thames at Kingstonautumn"
[1] "Started adding......34Thames at Kingstonwinter"
[1] "Finished adding......34Thames at Kingstonwinter"
[1] "Started adding......34Thames at Kingstonspring"
[1] "Finished adding......34Thames at Kingstonspring"
 chr [1:2] "season" "catchmentRegion"
 num [1:8976] -0.0456 -0.0677 -0.068 -0.0682 -0.0508 ...
'data.frame':	8976 obs. of  8 variables:
 $ theCCF              : num  -0.0451 -0.045 -0.0482 -0.0422 -0.0128 ...
 $ theLAG              : num  -16 -15 -14 -13 -12 -11 -10 -9 -8 -7 ...
 $ key_num             : chr  "key_83" "key_83" "key_83" "key_83" ...
 $ theFeature          : chr  "flow_m3s_versus_rainfall_cm" "flow_m3s_versus_rainfall_cm" "flow_m3s_versus_rainfall_cm" "flow_m3s_versus_rainfall_cm" ...
 $ season              : Factor w/ 4 levels "autumn","spring",..: 3 3 3 3 3 3 3 3 3 3 ...
 $ catchmentRegion     : Factor w/ 2 levels "Ash at Mardock",..: 1 1 1 1 1 1 1 1 1 1 ...
 $ meanCorrPerLag      : num  -0.0456 -0.0677 -0.068 -0.0682 -0.0508 ...
 $ meanCorrAtModeMaxLAG: num  0.366 0.366 0.366 0.366 0.366 ...
** help
*** installing help indices
** building package indices
** installing vignettes
** testing if installed package can be loaded from temporary location
** testing if installed package can be loaded from final location
** testing if installed package keeps a record of temporary installation path
* DONE (lifeTimes)
